<?xml version="1.0" encoding="utf-8"?><testsuites><testsuite name="pytest" errors="0" failures="0" skipped="0" tests="4" time="2.552" timestamp="2021-05-06T19:57:40.716352" hostname="santana-Ubuntu"><testcase classname="tests.test_request" name="test_generate_query" time="0.673" /><testcase classname="tests.test_request" name="test_generate_query_false_auth" time="0.252" /><testcase classname="tests.test_request" name="test_generate_query_false_xml" time="0.419" /><testcase classname="tests.test_request" name="test_both_apis" time="0.907" /></testsuite></testsuites>
